2025-01-27 08:20:37 [35mhttp[39m: [35mGET /api/v1/artisan 200 21 - 9.827 ms[39m
2025-01-27 08:47:13 [35mhttp[39m: [35mPOST /api/v1/account/create 404 161 - 1.615 ms[39m
2025-01-27 08:48:35 [35mhttp[39m: [35mPOST /api/v1/artisan 404 154 - 1.549 ms[39m
2025-01-27 08:52:52 [35mhttp[39m: [35mPOST /api/v1/artisan 404 154 - 1.596 ms[39m
2025-01-27 08:56:24 [35mhttp[39m: [35mGET /api/v1/artisan 200 21 - 3.230 ms[39m
2025-01-27 09:15:21 [31merror[39m: [31mdata and salt arguments required[39m
2025-01-27 09:15:21 [35mhttp[39m: [35mPOST /api/v1/account/create 400 31 - 3.268 ms[39m
2025-01-27 09:17:17 [31merror[39m: [31mdata and salt arguments required[39m
2025-01-27 09:17:17 [35mhttp[39m: [35mPOST /api/v1/account/create 400 31 - 1.123 ms[39m
2025-01-27 09:17:55 [35mhttp[39m: [35mPOST /api/v1/account/create 400 1064 - 24.207 ms[39m
2025-01-27 09:18:12 [31merror[39m: [31m[39m
[31mInvalid `prisma.account.create()` invocation in[39m
[31mD:\DKC\ArtStay\art-stay-backend\src\controllers\account.controller.ts:13:27[39m

[31m  10 const { email, password, accountType } : AccountProps = req.body[39m
[31m  11 const hashedPassword = await bcrypt.hash(password, 10);[39m
[31m  12 [39m
[31m→ 13  await prisma.account.create({[39m
[31m        data: {[39m
[31m          email: 1,[39m
[31m                 ~[39m
[31m          password: "$2b$10$QdIopZRjkexts5m8MziUH.k4mvfHO35HW65AueiwObvnp6p/2h.Te",[39m
[31m          accountType: undefined[39m
[31m        }[39m
[31m      })[39m

[31mArgument `email`: Invalid value provided. Expected String, provided Int.[39m
2025-01-27 09:18:12 [35mhttp[39m: [35mPOST /api/v1/account/create 400 31 - 1546.932 ms[39m
2025-01-27 09:19:57 [31merror[39m: [31m[39m
[31mInvalid `prisma.account.create()` invocation in[39m
[31mD:\DKC\ArtStay\art-stay-backend\src\controllers\account.controller.ts:13:27[39m

[31m  10 const { email, password, accountType } : AccountProps = req.body[39m
[31m  11 const hashedPassword = await bcrypt.hash(password, 10);[39m
[31m  12 [39m
[31m→ 13  await prisma.account.create({[39m
[31m        data: {[39m
[31m          email: 1,[39m
[31m                 ~[39m
[31m          password: "$2b$10$MDgRVjCM9HxY5dUNbIKo0uzZeJYiSvFHVlAHaQQcZp3BTLJaP9e7m",[39m
[31m          accountType: undefined[39m
[31m        }[39m
[31m      })[39m

[31mArgument `email`: Invalid value provided. Expected String, provided Int.[39m
2025-01-27 09:19:57 [35mhttp[39m: [35mPOST /api/v1/account/create 400 31 - 219.394 ms[39m
2025-01-27 09:20:36 [31merror[39m: [31m[39m
[31mInvalid `prisma.account.create()` invocation in[39m
[31mD:\DKC\ArtStay\art-stay-backend\src\controllers\account.controller.ts:13:27[39m

[31m  10 const { email, password, accountType } : AccountProps = req.body[39m
[31m  11 const hashedPassword = await bcrypt.hash(password, 10);[39m
[31m  12 [39m
[31m→ 13  await prisma.account.create({[39m
[31m        data: {[39m
[31m          email: 1,[39m
[31m                 ~[39m
[31m          password: "$2b$10$mYk8Ak9kUWEA5ULpfX7ECuh7DzoXhWfAjXuKzzoTcioiYQw5eUOoq",[39m
[31m          accountType: undefined[39m
[31m        }[39m
[31m      })[39m

[31mArgument `email`: Invalid value provided. Expected String, provided Int.[39m
2025-01-27 09:20:36 [35mhttp[39m: [35mPOST /api/v1/account/create 400 31 - 221.918 ms[39m
2025-01-27 09:20:45 [35mhttp[39m: [35mPOST /api/v1/account/create 404 130 - 19.963 ms[39m
2025-01-27 09:37:14 [35mhttp[39m: [35mPOST /api/v1/account/create 400 74 - 24.069 ms[39m
2025-01-27 09:37:33 [35mhttp[39m: [35mPOST /api/v1/account/create 201 30 - 2009.745 ms[39m
2025-01-27 09:38:09 [35mhttp[39m: [35mPOST /api/v1/account/create 201 30 - 283.470 ms[39m
2025-01-27 09:49:14 [35mhttp[39m: [35mGET /api/v1/account/login 404 159 - 1.838 ms[39m
2025-01-27 09:49:33 [35mhttp[39m: [35mPOST /api/v1/account/login 404 160 - 2.125 ms[39m
2025-01-27 09:51:10 [31merror[39m: [31mEmail not associted with any account[39m
2025-01-27 09:51:10 [35mhttp[39m: [35mPOST /api/v1/account/login 500 87 - 2492.144 ms[39m
2025-01-27 09:54:38 [31merror[39m: [31mPassword not matched[39m
2025-01-27 09:54:38 [35mhttp[39m: [35mPOST /api/v1/account/login 500 71 - 912.662 ms[39m
2025-01-27 09:54:46 [35mhttp[39m: [35mPOST /api/v1/account/login 201 30 - 3021.160 ms[39m
