2025-01-27 09:15:21 [31merror[39m: [31mdata and salt arguments required[39m
2025-01-27 09:17:17 [31merror[39m: [31mdata and salt arguments required[39m
2025-01-27 09:18:12 [31merror[39m: [31m[39m
[31mInvalid `prisma.account.create()` invocation in[39m
[31mD:\DKC\ArtStay\art-stay-backend\src\controllers\account.controller.ts:13:27[39m

[31m  10 const { email, password, accountType } : AccountProps = req.body[39m
[31m  11 const hashedPassword = await bcrypt.hash(password, 10);[39m
[31m  12 [39m
[31m→ 13  await prisma.account.create({[39m
[31m        data: {[39m
[31m          email: 1,[39m
[31m                 ~[39m
[31m          password: "$2b$10$QdIopZRjkexts5m8MziUH.k4mvfHO35HW65AueiwObvnp6p/2h.Te",[39m
[31m          accountType: undefined[39m
[31m        }[39m
[31m      })[39m

[31mArgument `email`: Invalid value provided. Expected String, provided Int.[39m
2025-01-27 09:19:57 [31merror[39m: [31m[39m
[31mInvalid `prisma.account.create()` invocation in[39m
[31mD:\DKC\ArtStay\art-stay-backend\src\controllers\account.controller.ts:13:27[39m

[31m  10 const { email, password, accountType } : AccountProps = req.body[39m
[31m  11 const hashedPassword = await bcrypt.hash(password, 10);[39m
[31m  12 [39m
[31m→ 13  await prisma.account.create({[39m
[31m        data: {[39m
[31m          email: 1,[39m
[31m                 ~[39m
[31m          password: "$2b$10$MDgRVjCM9HxY5dUNbIKo0uzZeJYiSvFHVlAHaQQcZp3BTLJaP9e7m",[39m
[31m          accountType: undefined[39m
[31m        }[39m
[31m      })[39m

[31mArgument `email`: Invalid value provided. Expected String, provided Int.[39m
2025-01-27 09:20:36 [31merror[39m: [31m[39m
[31mInvalid `prisma.account.create()` invocation in[39m
[31mD:\DKC\ArtStay\art-stay-backend\src\controllers\account.controller.ts:13:27[39m

[31m  10 const { email, password, accountType } : AccountProps = req.body[39m
[31m  11 const hashedPassword = await bcrypt.hash(password, 10);[39m
[31m  12 [39m
[31m→ 13  await prisma.account.create({[39m
[31m        data: {[39m
[31m          email: 1,[39m
[31m                 ~[39m
[31m          password: "$2b$10$mYk8Ak9kUWEA5ULpfX7ECuh7DzoXhWfAjXuKzzoTcioiYQw5eUOoq",[39m
[31m          accountType: undefined[39m
[31m        }[39m
[31m      })[39m

[31mArgument `email`: Invalid value provided. Expected String, provided Int.[39m
2025-01-27 09:51:10 [31merror[39m: [31mEmail not associted with any account[39m
2025-01-27 09:54:38 [31merror[39m: [31mPassword not matched[39m
2025-01-28 08:44:38 [31merror[39m: [31mEmail not associted with any account[39m
2025-01-28 09:21:32 [31merror[39m: [31mEmail not associted with any account[39m
2025-01-28 12:54:43 [31merror[39m: [31mres.status is not a function[39m
2025-01-29 08:07:07 [31merror[39m: [31mEmail not associted with any account[39m
2025-01-29 13:54:11 [31merror[39m: [31m[39m
[31mInvalid `prisma.craft.findMany()` invocation in[39m
[31mD:\DKC\ArtStay\art-stay-backend\src\controllers\craft.controller.ts:51:43[39m

[31m  48 [39m
[31m  49 export const getAllCrafts = async (req: Request, res: Response) => {[39m
[31m  50     try {[39m
[31m→ 51         const crafts = await prisma.craft.findMany([39m
[31mCan't reach database server at `ep-dawn-surf-a1cdmogp-pooler.ap-southeast-1.aws.neon.tech:5432`[39m

[31mPlease make sure your database server is running at `ep-dawn-surf-a1cdmogp-pooler.ap-southeast-1.aws.neon.tech:5432`.[39m
2025-01-29 13:57:54 [31merror[39m: [31m[39m
[31mInvalid `prisma.artisan.create()` invocation in[39m
[31mD:\DKC\ArtStay\art-stay-backend\src\controllers\artisan.controller.ts:10:47[39m

[31m   7 try {[39m
[31m   8     const artisan: ArtisanProps = req.body[39m
[31m   9 [39m
[31m→ 10     const response = await prisma.artisan.create([39m
[31mCan't reach database server at `ep-dawn-surf-a1cdmogp-pooler.ap-southeast-1.aws.neon.tech:5432`[39m

[31mPlease make sure your database server is running at `ep-dawn-surf-a1cdmogp-pooler.ap-southeast-1.aws.neon.tech:5432`.[39m
2025-01-29 13:58:05 [31merror[39m: [31m[39m
[31mInvalid `prisma.artisan.create()` invocation in[39m
[31mD:\DKC\ArtStay\art-stay-backend\src\controllers\artisan.controller.ts:10:47[39m

[31m   7 try {[39m
[31m   8     const artisan: ArtisanProps = req.body[39m
[31m   9 [39m
[31m→ 10     const response = await prisma.artisan.create({[39m
[31m           data: {[39m
[31m             firstName: "Abdul Rehman",[39m
[31m             lastName: "Nadeem",[39m
[31m             address: "ghakhar mandi",[39m
[31m             description: "this i ath arsadfsd",[39m
[31m             dp: "https://utfs.io/a/lf74llf0l5/I7dytOvmOq0gatxoDK65fMUEsqPHCNQpYdTXahenWvzVZi7D",[39m
[31m             experience: "APPRENTICE",[39m
[31m             education: "NON_FORMAL",[39m
[31m             certificate: "PROFESSIONAL",[39m
[31m             training: "NON_FORMAL",[39m
[31m             recongnition: "STATE",[39m
[31m             subCraftId: "cm6g6pz630001jpm0ymnmjcb3",[39m
[31m             craftId: "cm6g6pz630001jpm0ymnmjcb3",[39m
[31m             accountId: undefined,[39m
[31m         +   account: {[39m
[31m         +     create: AccountCreateWithoutArtisanInput | AccountUncheckedCreateWithoutArtisanInput,[39m
[31m         +     connectOrCreate: AccountCreateOrConnectWithoutArtisanInput,[39m
[31m         +     connect: AccountWhereUniqueInput[39m
[31m         +   }[39m
[31m           }[39m
[31m         })[39m

[31mArgument `account` is missing.[39m
2025-01-29 14:01:18 [31merror[39m: [31m[39m
[31mInvalid `prisma.artisan.create()` invocation in[39m
[31mD:\DKC\ArtStay\art-stay-backend\src\controllers\artisan.controller.ts:10:47[39m

[31m   7 try {[39m
[31m   8     const artisan: ArtisanProps = req.body[39m
[31m   9 [39m
[31m→ 10     const response = await prisma.artisan.create([39m
[31mForeign key constraint violated: `Artisan_craftId_fkey (index)`[39m
2025-01-29 14:04:04 [31merror[39m: [31m[39m
[31mInvalid `prisma.artisan.create()` invocation in[39m
[31mD:\DKC\ArtStay\art-stay-backend\src\controllers\artisan.controller.ts:10:47[39m

[31m   7 try {[39m
[31m   8     const artisan: ArtisanProps = req.body[39m
[31m   9 [39m
[31m→ 10     const response = await prisma.artisan.create({[39m
[31m           data: {[39m
[31m             firstName: "Abdul Rehman",[39m
[31m             lastName: "Nadeem",[39m
[31m             address: "ghakhar mandi",[39m
[31m             description: "sdgfdsagasd",[39m
[31m             dp: "https://utfs.io/a/lf74llf0l5/I7dytOvmOq0geA11jHPa1E2ATDLl7GpMdoixyYm6brfWCRvn",[39m
[31m             experience: "APPRENTICE",[39m
[31m             education: "NON_FORMAL",[39m
[31m             certificate: "NONE",[39m
[31m             training: "NON_FORMAL",[39m
[31m             recongnition: "STATE",[39m
[31m             subCraftId: "cm6g6pz630001jpm0ymnmjcb3",[39m
[31m             craftId: "cm6g633al0000jpsgijp38zjl",[39m
[31m             accountId: undefined,[39m
[31m         +   account: {[39m
[31m         +     create: AccountCreateWithoutArtisanInput | AccountUncheckedCreateWithoutArtisanInput,[39m
[31m         +     connectOrCreate: AccountCreateOrConnectWithoutArtisanInput,[39m
[31m         +     connect: AccountWhereUniqueInput[39m
[31m         +   }[39m
[31m           }[39m
[31m         })[39m

[31mArgument `account` is missing.[39m
2025-01-29 14:04:32 [31merror[39m: [31m[39m
[31mInvalid `prisma.artisan.create()` invocation in[39m
[31mD:\DKC\ArtStay\art-stay-backend\src\controllers\artisan.controller.ts:10:47[39m

[31m   7 try {[39m
[31m   8     const artisan: ArtisanProps = req.body[39m
[31m   9 [39m
[31m→ 10     const response = await prisma.artisan.create({[39m
[31m           data: {[39m
[31m             firstName: "Abdul Rehman",[39m
[31m             lastName: "Nadeem",[39m
[31m             address: "ghakhar mandi",[39m
[31m             description: "sdgfdsagasd",[39m
[31m             dp: "https://utfs.io/a/lf74llf0l5/I7dytOvmOq0geA11jHPa1E2ATDLl7GpMdoixyYm6brfWCRvn",[39m
[31m             experience: "APPRENTICE",[39m
[31m             education: "NON_FORMAL",[39m
[31m             certificate: "NONE",[39m
[31m             training: "NON_FORMAL",[39m
[31m             recongnition: "STATE",[39m
[31m             subCraftId: "cm6g6pz630001jpm0ymnmjcb3",[39m
[31m             craftId: "cm6g633al0000jpsgijp38zjl",[39m
[31m             accountId: undefined,[39m
[31m         +   account: {[39m
[31m         +     create: AccountCreateWithoutArtisanInput | AccountUncheckedCreateWithoutArtisanInput,[39m
[31m         +     connectOrCreate: AccountCreateOrConnectWithoutArtisanInput,[39m
[31m         +     connect: AccountWhereUniqueInput[39m
[31m         +   }[39m
[31m           }[39m
[31m         })[39m

[31mArgument `account` is missing.[39m
2025-01-29 14:04:57 [31merror[39m: [31m[39m
[31mInvalid `prisma.artisan.create()` invocation in[39m
[31mD:\DKC\ArtStay\art-stay-backend\src\controllers\artisan.controller.ts:10:47[39m

[31m   7 try {[39m
[31m   8     const artisan: ArtisanProps = req.body[39m
[31m   9 [39m
[31m→ 10     const response = await prisma.artisan.create({[39m
[31m           data: {[39m
[31m             firstName: "Abdul Rehman",[39m
[31m             lastName: "Nadeem",[39m
[31m             address: "ghakhar mandi",[39m
[31m             description: "sdgfdsagasd",[39m
[31m             dp: "https://utfs.io/a/lf74llf0l5/I7dytOvmOq0geA11jHPa1E2ATDLl7GpMdoixyYm6brfWCRvn",[39m
[31m             experience: "APPRENTICE",[39m
[31m             education: "NON_FORMAL",[39m
[31m             certificate: "NONE",[39m
[31m             training: "NON_FORMAL",[39m
[31m             recongnition: "STATE",[39m
[31m             subCraftId: "cm6g6pz630001jpm0ymnmjcb3",[39m
[31m             craftId: "cm6g633al0000jpsgijp38zjl",[39m
[31m             accountId: undefined,[39m
[31m         +   account: {[39m
[31m         +     create: AccountCreateWithoutArtisanInput | AccountUncheckedCreateWithoutArtisanInput,[39m
[31m         +     connectOrCreate: AccountCreateOrConnectWithoutArtisanInput,[39m
[31m         +     connect: AccountWhereUniqueInput[39m
[31m         +   }[39m
[31m           }[39m
[31m         })[39m

[31mArgument `account` is missing.[39m
2025-01-29 14:05:35 [31merror[39m: [31m[39m
[31mInvalid `prisma.artisan.create()` invocation in[39m
[31mD:\DKC\ArtStay\art-stay-backend\src\controllers\artisan.controller.ts:10:47[39m

[31m   7 try {[39m
[31m   8     const artisan: ArtisanProps = req.body[39m
[31m   9 [39m
[31m→ 10     const response = await prisma.artisan.create({[39m
[31m           data: {[39m
[31m             firstName: "Abdul Rehman",[39m
[31m             lastName: "Nadeem",[39m
[31m             address: "ghakhar mandi",[39m
[31m             description: "sdgfdsagasd",[39m
[31m             dp: "https://utfs.io/a/lf74llf0l5/I7dytOvmOq0geA11jHPa1E2ATDLl7GpMdoixyYm6brfWCRvn",[39m
[31m             experience: "APPRENTICE",[39m
[31m             education: "NON_FORMAL",[39m
[31m             certificate: "NONE",[39m
[31m             training: "NON_FORMAL",[39m
[31m             recongnition: "STATE",[39m
[31m             subCraftId: "cm6g6pz630001jpm0ymnmjcb3",[39m
[31m             craftId: "cm6g633al0000jpsgijp38zjl",[39m
[31m             accountId: undefined,[39m
[31m         +   account: {[39m
[31m         +     create: AccountCreateWithoutArtisanInput | AccountUncheckedCreateWithoutArtisanInput,[39m
[31m         +     connectOrCreate: AccountCreateOrConnectWithoutArtisanInput,[39m
[31m         +     connect: AccountWhereUniqueInput[39m
[31m         +   }[39m
[31m           }[39m
[31m         })[39m

[31mArgument `account` is missing.[39m
2025-01-29 14:05:56 [31merror[39m: [31m[39m
[31mInvalid `prisma.artisan.create()` invocation in[39m
[31mD:\DKC\ArtStay\art-stay-backend\src\controllers\artisan.controller.ts:10:47[39m

[31m   7 try {[39m
[31m   8     const artisan: ArtisanProps = req.body[39m
[31m   9 [39m
[31m→ 10     const response = await prisma.artisan.create({[39m
[31m           data: {[39m
[31m             firstName: "Abdul Rehman",[39m
[31m             lastName: "Nadeem",[39m
[31m             address: "ghakhar mandi",[39m
[31m             description: "sdgfdsagasd",[39m
[31m             dp: "https://utfs.io/a/lf74llf0l5/I7dytOvmOq0geA11jHPa1E2ATDLl7GpMdoixyYm6brfWCRvn",[39m
[31m             experience: "APPRENTICE",[39m
[31m             education: "NON_FORMAL",[39m
[31m             certificate: "NONE",[39m
[31m             training: "NON_FORMAL",[39m
[31m             recongnition: "STATE",[39m
[31m             subCraftId: "cm6g6pz630001jpm0ymnmjcb3",[39m
[31m             craftId: "cm6g633al0000jpsgijp38zjl",[39m
[31m             accountId: undefined,[39m
[31m         +   account: {[39m
[31m         +     create: AccountCreateWithoutArtisanInput | AccountUncheckedCreateWithoutArtisanInput,[39m
[31m         +     connectOrCreate: AccountCreateOrConnectWithoutArtisanInput,[39m
[31m         +     connect: AccountWhereUniqueInput[39m
[31m         +   }[39m
[31m           }[39m
[31m         })[39m

[31mArgument `account` is missing.[39m
2025-01-29 14:06:12 [31merror[39m: [31m[39m
[31mInvalid `prisma.artisan.create()` invocation in[39m
[31mD:\DKC\ArtStay\art-stay-backend\src\controllers\artisan.controller.ts:10:47[39m

[31m   7 try {[39m
[31m   8     const artisan: ArtisanProps = req.body[39m
[31m   9 [39m
[31m→ 10     const response = await prisma.artisan.create({[39m
[31m           data: {[39m
[31m             firstName: "Abdul Rehman",[39m
[31m             lastName: "Nadeem",[39m
[31m             address: "ghakhar mandi",[39m
[31m             description: "sdgfdsagasd",[39m
[31m             dp: "https://utfs.io/a/lf74llf0l5/I7dytOvmOq0geA11jHPa1E2ATDLl7GpMdoixyYm6brfWCRvn",[39m
[31m             experience: "APPRENTICE",[39m
[31m             education: "NON_FORMAL",[39m
[31m             certificate: "NONE",[39m
[31m             training: "NON_FORMAL",[39m
[31m             recongnition: "STATE",[39m
[31m             subCraftId: "cm6g6pz630001jpm0ymnmjcb3",[39m
[31m             craftId: "cm6g633al0000jpsgijp38zjl",[39m
[31m             accountId: undefined,[39m
[31m         +   account: {[39m
[31m         +     create: AccountCreateWithoutArtisanInput | AccountUncheckedCreateWithoutArtisanInput,[39m
[31m         +     connectOrCreate: AccountCreateOrConnectWithoutArtisanInput,[39m
[31m         +     connect: AccountWhereUniqueInput[39m
[31m         +   }[39m
[31m           }[39m
[31m         })[39m

[31mArgument `account` is missing.[39m
2025-01-31 10:30:21 [31merror[39m: [31m[39m
[31mInvalid `prisma_1.default.craft.findMany()` invocation in[39m
[31mD:\DKC\ArtStay\art-stay-backend\dist\controllers\craft.controller.js:56:53[39m

[31m  53 exports.createSubCraft = createSubCraft;[39m
[31m  54 const getAllCrafts = async (req, res) => {[39m
[31m  55     try {[39m
[31m→ 56         const crafts = await prisma_1.default.craft.findMany([39m
[31mCan't reach database server at `ep-dawn-surf-a1cdmogp-pooler.ap-southeast-1.aws.neon.tech:5432`[39m

[31mPlease make sure your database server is running at `ep-dawn-surf-a1cdmogp-pooler.ap-southeast-1.aws.neon.tech:5432`.[39m
2025-02-01 14:18:06 [31merror[39m: [31mPassword not matched[39m
2025-02-01 14:18:13 [31merror[39m: [31mPassword not matched[39m
2025-02-01 14:18:18 [31merror[39m: [31mPassword not matched[39m
2025-02-01 14:18:26 [31merror[39m: [31mPassword not matched[39m
2025-02-01 14:18:34 [31merror[39m: [31mPassword not matched[39m
2025-02-01 14:21:04 [31merror[39m: [31m[39m
[31mInvalid `prisma.account.create()` invocation in[39m
[31mD:\DKC\ArtStay\art-stay-backend\src\controllers\artisan.controller.ts:13:46[39m

[31m  10 [39m
[31m  11 const hashedPassword = await hash(artisan.password, 10);[39m
[31m  12 [39m
[31m→ 13 const account = await prisma.account.create([39m
[31mUnique constraint failed on the fields: (`email`)[39m
2025-02-06 08:10:22 [31merror[39m: [31m[39m
[31mInvalid `prisma.artisan.findMany()` invocation in[39m
[31mD:\DKC\ArtStay\art-stay-backend\src\controllers\artisan.controller.ts:115:69[39m

[31m  112 const queryParams = req.query[39m
[31m  113 const limit = Number(queryParams.limit)[39m
[31m  114 const skip = Number(queryParams.skip)[39m
[31m→ 115 const artisans: ArtisanDetailProps[] = await prisma.artisan.findMany({[39m
[31m        include: {[39m
[31m          craft: true,[39m
[31m          subCraft: true[39m
[31m        },[39m
[31m        take: 6,[39m
[31m        orderBy: {[39m
[31m          createdAt: "desc"[39m
[31m        },[39m
[31m      + skip: Int[39m
[31m      })[39m

[31mArgument `skip` is missing.[39m
2025-02-06 08:10:23 [31merror[39m: [31m[39m
[31mInvalid `prisma.artisan.findMany()` invocation in[39m
[31mD:\DKC\ArtStay\art-stay-backend\src\controllers\artisan.controller.ts:115:69[39m

[31m  112 const queryParams = req.query[39m
[31m  113 const limit = Number(queryParams.limit)[39m
[31m  114 const skip = Number(queryParams.skip)[39m
[31m→ 115 const artisans: ArtisanDetailProps[] = await prisma.artisan.findMany({[39m
[31m        include: {[39m
[31m          craft: true,[39m
[31m          subCraft: true[39m
[31m        },[39m
[31m        take: 6,[39m
[31m        orderBy: {[39m
[31m          createdAt: "desc"[39m
[31m        },[39m
[31m      + skip: Int[39m
[31m      })[39m

[31mArgument `skip` is missing.[39m
2025-02-06 08:10:24 [31merror[39m: [31m[39m
[31mInvalid `prisma.artisan.findMany()` invocation in[39m
[31mD:\DKC\ArtStay\art-stay-backend\src\controllers\artisan.controller.ts:115:69[39m

[31m  112 const queryParams = req.query[39m
[31m  113 const limit = Number(queryParams.limit)[39m
[31m  114 const skip = Number(queryParams.skip)[39m
[31m→ 115 const artisans: ArtisanDetailProps[] = await prisma.artisan.findMany({[39m
[31m        include: {[39m
[31m          craft: true,[39m
[31m          subCraft: true[39m
[31m        },[39m
[31m        take: 6,[39m
[31m        orderBy: {[39m
[31m          createdAt: "desc"[39m
[31m        },[39m
[31m      + skip: Int[39m
[31m      })[39m

[31mArgument `skip` is missing.[39m
2025-02-06 08:11:38 [31merror[39m: [31m[39m
[31mInvalid `prisma.artisan.findMany()` invocation in[39m
[31mD:\DKC\ArtStay\art-stay-backend\src\controllers\artisan.controller.ts:115:69[39m

[31m  112 const queryParams = req.query[39m
[31m  113 const limit = Number(queryParams.limit)[39m
[31m  114 const skip = Number(queryParams.cursor)[39m
[31m→ 115 const artisans: ArtisanDetailProps[] = await prisma.artisan.findMany({[39m
[31m        include: {[39m
[31m          craft: true,[39m
[31m          subCraft: true[39m
[31m        },[39m
[31m        take: 6,[39m
[31m        orderBy: {[39m
[31m          createdAt: "desc"[39m
[31m        },[39m
[31m      + skip: Int[39m
[31m      })[39m

[31mArgument `skip` is missing.[39m
2025-02-06 08:11:39 [31merror[39m: [31m[39m
[31mInvalid `prisma.artisan.findMany()` invocation in[39m
[31mD:\DKC\ArtStay\art-stay-backend\src\controllers\artisan.controller.ts:115:69[39m

[31m  112 const queryParams = req.query[39m
[31m  113 const limit = Number(queryParams.limit)[39m
[31m  114 const skip = Number(queryParams.cursor)[39m
[31m→ 115 const artisans: ArtisanDetailProps[] = await prisma.artisan.findMany({[39m
[31m        include: {[39m
[31m          craft: true,[39m
[31m          subCraft: true[39m
[31m        },[39m
[31m        take: 6,[39m
[31m        orderBy: {[39m
[31m          createdAt: "desc"[39m
[31m        },[39m
[31m      + skip: Int[39m
[31m      })[39m

[31mArgument `skip` is missing.[39m
2025-02-06 08:12:03 [31merror[39m: [31m[39m
[31mInvalid `prisma.artisan.findMany()` invocation in[39m
[31mD:\DKC\ArtStay\art-stay-backend\src\controllers\artisan.controller.ts:116:69[39m

[31m  113 const limit = Number(queryParams.limit)[39m
[31m  114 const skip = Number(queryParams.cursor)[39m
[31m  115 console.log(queryParams)[39m
[31m→ 116 const artisans: ArtisanDetailProps[] = await prisma.artisan.findMany({[39m
[31m        include: {[39m
[31m          craft: true,[39m
[31m          subCraft: true[39m
[31m        },[39m
[31m        take: 6,[39m
[31m        orderBy: {[39m
[31m          createdAt: "desc"[39m
[31m        },[39m
[31m      + skip: Int[39m
[31m      })[39m

[31mArgument `skip` is missing.[39m
2025-02-06 08:12:04 [31merror[39m: [31m[39m
[31mInvalid `prisma.artisan.findMany()` invocation in[39m
[31mD:\DKC\ArtStay\art-stay-backend\src\controllers\artisan.controller.ts:116:69[39m

[31m  113 const limit = Number(queryParams.limit)[39m
[31m  114 const skip = Number(queryParams.cursor)[39m
[31m  115 console.log(queryParams)[39m
[31m→ 116 const artisans: ArtisanDetailProps[] = await prisma.artisan.findMany({[39m
[31m        include: {[39m
[31m          craft: true,[39m
[31m          subCraft: true[39m
[31m        },[39m
[31m        take: 6,[39m
[31m        orderBy: {[39m
[31m          createdAt: "desc"[39m
[31m        },[39m
[31m      + skip: Int[39m
[31m      })[39m

[31mArgument `skip` is missing.[39m
2025-02-06 08:12:13 [31merror[39m: [31m[39m
[31mInvalid `prisma.artisan.findMany()` invocation in[39m
[31mD:\DKC\ArtStay\art-stay-backend\src\controllers\artisan.controller.ts:116:69[39m

[31m  113 const limit = Number(queryParams.limit)[39m
[31m  114 const skip = Number(queryParams.cursor ??0)[39m
[31m  115 console.log(queryParams)[39m
[31m→ 116 const artisans: ArtisanDetailProps[] = await prisma.artisan.findMany({[39m
[31m        include: {[39m
[31m          craft: true,[39m
[31m          subCraft: true[39m
[31m        },[39m
[31m        take: 6,[39m
[31m        orderBy: {[39m
[31m          createdAt: "desc"[39m
[31m        },[39m
[31m      + skip: Int[39m
[31m      })[39m

[31mArgument `skip` is missing.[39m
2025-02-06 08:12:14 [31merror[39m: [31m[39m
[31mInvalid `prisma.artisan.findMany()` invocation in[39m
[31mD:\DKC\ArtStay\art-stay-backend\src\controllers\artisan.controller.ts:116:69[39m

[31m  113 const limit = Number(queryParams.limit)[39m
[31m  114 const skip = Number(queryParams.cursor ??0)[39m
[31m  115 console.log(queryParams)[39m
[31m→ 116 const artisans: ArtisanDetailProps[] = await prisma.artisan.findMany({[39m
[31m        include: {[39m
[31m          craft: true,[39m
[31m          subCraft: true[39m
[31m        },[39m
[31m        take: 6,[39m
[31m        orderBy: {[39m
[31m          createdAt: "desc"[39m
[31m        },[39m
[31m      + skip: Int[39m
[31m      })[39m

[31mArgument `skip` is missing.[39m
